0 verbose cli C:\Program Files\nodejs\node.exe C:\Program Files\nodejs\node_modules\npm\bin\npm-cli.js
1 info using npm@8.19.2
2 info using node@v16.18.0
3 timing npm:load:whichnode Completed in 0ms
4 timing config:load:defaults Completed in 2ms
5 timing config:load:file:C:\Program Files\nodejs\node_modules\npm\npmrc Completed in 3ms
6 timing config:load:builtin Completed in 3ms
7 timing config:load:cli Completed in 3ms
8 timing config:load:env Completed in 2ms
9 timing config:load:file:C:\Users\HP\Desktop\New folder (3)\demo-tstt\.npmrc Completed in 1ms
10 timing config:load:project Completed in 7ms
11 timing config:load:file:C:\Users\HP\.npmrc Completed in 1ms
12 timing config:load:user Completed in 1ms
13 timing config:load:file:C:\Users\HP\AppData\Roaming\npm\etc\npmrc Completed in 1ms
14 timing config:load:global Completed in 1ms
15 timing config:load:validate Completed in 0ms
16 timing config:load:credentials Completed in 1ms
17 timing config:load:setEnvs Completed in 1ms
18 timing config:load Completed in 21ms
19 timing npm:load:configload Completed in 21ms
20 timing npm:load:mkdirpcache Completed in 1ms
21 timing npm:load:mkdirplogs Completed in 1ms
22 verbose title npm install
23 verbose argv "install" "-reset" "--cache" "--f"
24 timing npm:load:setTitle Completed in 1ms
25 timing config:load:flatten Completed in 2ms
26 timing npm:load:display Completed in 5ms
27 verbose logfile logs-max:10 dir:C:\Users\HP\Desktop\New folder (3)\demo-tstt\--f\_logs
28 verbose logfile C:\Users\HP\Desktop\New folder (3)\demo-tstt\--f\_logs\2023-01-03T12_01_50_893Z-debug-0.log
29 timing npm:load:logFile Completed in 8ms
30 timing npm:load:timers Completed in 0ms
31 timing npm:load:configScope Completed in 0ms
32 timing npm:load Completed in 37ms
33 timing arborist:ctor Completed in 0ms
34 silly logfile done cleaning log files
35 timing idealTree:init Completed in 1027ms
36 timing idealTree:userRequests Completed in 0ms
37 silly idealTree buildDeps
38 timing idealTree:#root Completed in 0ms
39 silly fetch manifest react@^18.2.0
40 timing arborist:ctor Completed in 0ms
41 http fetch GET 200 https://registry.npmjs.org/react 1737ms (cache miss)
42 timing idealTree Completed in 2796ms
43 timing command:install Completed in 2806ms
44 verbose stack Error: could not resolve
44 verbose stack     at PlaceDep.failPeerConflict (C:\Program Files\nodejs\node_modules\npm\node_modules\@npmcli\arborist\lib\place-dep.js:549:25)
44 verbose stack     at PlaceDep.place (C:\Program Files\nodejs\node_modules\npm\node_modules\@npmcli\arborist\lib\place-dep.js:199:21)
44 verbose stack     at new PlaceDep (C:\Program Files\nodejs\node_modules\npm\node_modules\@npmcli\arborist\lib\place-dep.js:73:10)
44 verbose stack     at C:\Program Files\nodejs\node_modules\npm\node_modules\@npmcli\arborist\lib\arborist\build-ideal-tree.js:944:31
44 verbose stack     at Array.map (<anonymous>)
44 verbose stack     at Arborist.[buildDepStep] (C:\Program Files\nodejs\node_modules\npm\node_modules\@npmcli\arborist\lib\arborist\build-ideal-tree.js:944:8)
44 verbose stack     at async Arborist.buildIdealTree (C:\Program Files\nodejs\node_modules\npm\node_modules\@npmcli\arborist\lib\arborist\build-ideal-tree.js:211:7)
44 verbose stack     at async Promise.all (index 1)
44 verbose stack     at async Arborist.reify (C:\Program Files\nodejs\node_modules\npm\node_modules\@npmcli\arborist\lib\arborist\reify.js:153:5)
44 verbose stack     at async Install.exec (C:\Program Files\nodejs\node_modules\npm\lib\commands\install.js:145:5)
45 verbose cwd C:\Users\HP\Desktop\New folder (3)\demo-tstt
46 verbose Windows_NT 10.0.19045
47 verbose node v16.18.0
48 verbose npm  v8.19.2
49 error code ERESOLVE
50 error ERESOLVE could not resolve
51 error
52 error While resolving: [1mreact-dom[22m@[1m18.2.0[22m
52 error Found: [1mreact[22m@[1m18.1.0[22m[2m[22m
52 error [2mnode_modules/react[22m
52 error   [1mreact[22m@"[1m18.1.0[22m" from the root project
52 error   [35mpeer[39m [1mreact[22m@"[1m>=16.3.0[22m" from [1m@callstack/react-theme-provider[22m@[1m3.0.8[22m[2m[22m
52 error   [2mnode_modules/@callstack/react-theme-provider[22m
52 error     [1m@callstack/react-theme-provider[22m@"[1m^3.0.7[22m" from [1mreact-native-paper[22m@[1m4.12.5[22m[2m[22m
52 error     [2mnode_modules/react-native-paper[22m
52 error       [1mreact-native-paper[22m@"[1m^4.12.5[22m" from the root project
52 error   35 more (@react-native-community/masked-view, ...)
52 error
52 error Could not resolve dependency:
52 error [35mpeer[39m [1mreact[22m@"[1m^18.2.0[22m" from [1mreact-dom[22m@[1m18.2.0[22m[2m[22m
52 error [2mnode_modules/react-dom[22m
52 error   [35mpeer[39m [1mreact-dom[22m@"[1m>=16.8[22m" from [1mreact-phone-number-input[22m@[1m3.2.12[22m[2m[22m
52 error   [2mnode_modules/react-phone-number-input[22m
52 error     [1mreact-phone-number-input[22m@"[1m^3.2.12[22m" from the root project
52 error   peerOptional [1mreact-dom[22m@"[1m^16.8 || ^17.0 || ^18.0[22m" from [1mreact-redux[22m@[1m8.0.5[22m[2m[22m
52 error   [2mnode_modules/react-redux[22m
52 error     [1mreact-redux[22m@"[1m^8.0.5[22m" from the root project
52 error     1 more (@reduxjs/toolkit)
52 error
52 error Conflicting peer dependency: [1mreact[22m@[1m18.2.0[22m[2m[22m
52 error [2mnode_modules/react[22m
52 error   [35mpeer[39m [1mreact[22m@"[1m^18.2.0[22m" from [1mreact-dom[22m@[1m18.2.0[22m[2m[22m
52 error   [2mnode_modules/react-dom[22m
52 error     [35mpeer[39m [1mreact-dom[22m@"[1m>=16.8[22m" from [1mreact-phone-number-input[22m@[1m3.2.12[22m[2m[22m
52 error     [2mnode_modules/react-phone-number-input[22m
52 error       [1mreact-phone-number-input[22m@"[1m^3.2.12[22m" from the root project
52 error     peerOptional [1mreact-dom[22m@"[1m^16.8 || ^17.0 || ^18.0[22m" from [1mreact-redux[22m@[1m8.0.5[22m[2m[22m
52 error     [2mnode_modules/react-redux[22m
52 error       [1mreact-redux[22m@"[1m^8.0.5[22m" from the root project
52 error       1 more (@reduxjs/toolkit)
52 error
52 error Fix the upstream dependency conflict, or retry
52 error this command with --force, or --legacy-peer-deps
52 error to accept an incorrect (and potentially broken) dependency resolution.
52 error
52 error See C:\Users\HP\Desktop\New folder (3)\demo-tstt\--f\eresolve-report.txt for a full report.
53 verbose exit 1
54 timing npm Completed in 3764ms
55 verbose unfinished npm timer reify 1672747311799
56 verbose unfinished npm timer reify:loadTrees 1672747311807
57 verbose unfinished npm timer idealTree:buildDeps 1672747312835
58 verbose unfinished npm timer idealTree:node_modules/react-dom 1672747312837
59 verbose code 1
60 error A complete log of this run can be found in:
60 error     C:\Users\HP\Desktop\New folder (3)\demo-tstt\--f\_logs\2023-01-03T12_01_50_893Z-debug-0.log
